[debug] [2026-01-02T07:54:37.947Z] ----------------------------------------------------------------------
[debug] [2026-01-02T07:54:37.958Z] Command:       C:\Program Files\nodejs\node.exe C:\Users\geanl\AppData\Roaming\npm\node_modules\firebase-tools\lib\bin\firebase.js INIT
[debug] [2026-01-02T07:54:37.958Z] CLI Version:   15.1.0
[debug] [2026-01-02T07:54:37.958Z] Platform:      win32
[debug] [2026-01-02T07:54:37.958Z] Node Version:  v24.11.1
[debug] [2026-01-02T07:54:37.959Z] Time:          Fri Jan 02 2026 04:54:37 GMT-0300 (Horário Padrão de Brasília)
[debug] [2026-01-02T07:54:37.959Z] ----------------------------------------------------------------------
[debug] 
[debug] [2026-01-02T07:54:41.316Z] RangeError: Maximum call stack size exceeded
    at Module._load (node:internal/modules/cjs/loader:1204:24)
    at TracingChannel.traceSync (node:diagnostics_channel:328:14)
    at wrapModuleLoad (node:internal/modules/cjs/loader:245:24)
    at Module.require (node:internal/modules/cjs/loader:1504:12)
    at require (node:internal/modules/helpers:152:16)
    at runner.load (C:\Users\geanl\AppData\Roaming\npm\node_modules\firebase-tools\lib\commands\index.js:17:13)
    at Command.<anonymous> (C:\Users\geanl\AppData\Roaming\npm\node_modules\firebase-tools\lib\index.js:95:13)
    at Command.listener [as _actionHandler] (C:\Users\geanl\AppData\Roaming\npm\node_modules\firebase-tools\node_modules\commander\index.js:413:31)
    at Command._parseCommand (C:\Users\geanl\AppData\Roaming\npm\node_modules\firebase-tools\node_modules\commander\index.js:914:14)
    at Command.parse (C:\Users\geanl\AppData\Roaming\npm\node_modules\firebase-tools\node_modules\commander\index.js:717:10)
[error] 
[error] Error: An unexpected error has occurred.
